0 info it worked if it ends with ok
1 verbose cli [ '/usr/local/bin/node',
1 verbose cli   '/Users/qassemf/.npm-packages/bin/npm',
1 verbose cli   'run',
1 verbose cli   'test' ]
2 info using npm@3.7.1
3 info using node@v4.2.6
4 verbose run-script [ 'pretest', 'test', 'posttest' ]
5 info lifecycle part1@1.0.0~pretest: part1@1.0.0
6 silly lifecycle part1@1.0.0~pretest: no script for pretest, continuing
7 info lifecycle part1@1.0.0~test: part1@1.0.0
8 verbose lifecycle part1@1.0.0~test: unsafe-perm in lifecycle true
9 verbose lifecycle part1@1.0.0~test: PATH: /Users/qassemf/.npm-packages/lib/node_modules/npm/bin/node-gyp-bin:/Users/qassemf/tutorial/reactTutorial/part1/node_modules/.bin:/usr/local/bin:/opt/local/bin:/opt/local/sbin:/Users/qassemf/.npm-packages/bin:/Library/Frameworks/Python.framework/Versions/2.7/bin:/usr/local/bin:/Users/qassemf/.gvm/vertx/current/bin:/Users/qassemf/.gvm/springboot/current/bin:/Users/qassemf/.gvm/lazybones/current/bin:/Users/qassemf/.gvm/jbake/current/bin:/Users/qassemf/.gvm/groovyserv/current/bin:/Users/qassemf/.gvm/groovy/current/bin:/Users/qassemf/.gvm/griffon/current/bin:/Users/qassemf/.gvm/grails/current/bin:/Users/qassemf/.gvm/gradle/current/bin:/Users/qassemf/.gvm/glide/current/bin:/Users/qassemf/.gvm/gaiden/current/bin:/Users/qassemf/.gvm/crash/current/bin:/Users/qassemf/.gvm/asciidoctorj/current/bin:/usr/local/bin:/usr/local/sbin:/usr/local/opt/maven/libexec/bin:/usr/local/opt/tomcat/libexec/bin:/usr/local/mysql/bin:/usr/local/bin:/usr/bin:/bin:/usr/sbin:/sbin:/usr/local/mysql/bin:/usr/local/sbin:/Users/qassemf/Library/Android/sdk/tools:/Users/qassemf/Library/Android/sdk/platform-tools
10 verbose lifecycle part1@1.0.0~test: CWD: /Users/qassemf/tutorial/reactTutorial/part1
11 silly lifecycle part1@1.0.0~test: Args: [ '-c', 'echo "Error: no test specified" && exit 1' ]
12 silly lifecycle part1@1.0.0~test: Returned: code: 1  signal: null
13 info lifecycle part1@1.0.0~test: Failed to exec test script
14 verbose stack Error: part1@1.0.0 test: `echo "Error: no test specified" && exit 1`
14 verbose stack Exit status 1
14 verbose stack     at EventEmitter.<anonymous> (/Users/qassemf/.npm-packages/lib/node_modules/npm/lib/utils/lifecycle.js:239:16)
14 verbose stack     at emitTwo (events.js:87:13)
14 verbose stack     at EventEmitter.emit (events.js:172:7)
14 verbose stack     at ChildProcess.<anonymous> (/Users/qassemf/.npm-packages/lib/node_modules/npm/lib/utils/spawn.js:24:14)
14 verbose stack     at emitTwo (events.js:87:13)
14 verbose stack     at ChildProcess.emit (events.js:172:7)
14 verbose stack     at maybeClose (internal/child_process.js:821:16)
14 verbose stack     at Process.ChildProcess._handle.onexit (internal/child_process.js:211:5)
15 verbose pkgid part1@1.0.0
16 verbose cwd /Users/qassemf/tutorial/reactTutorial/part1
17 error Darwin 16.0.0
18 error argv "/usr/local/bin/node" "/Users/qassemf/.npm-packages/bin/npm" "run" "test"
19 error node v4.2.6
20 error npm  v3.7.1
21 error code ELIFECYCLE
22 error part1@1.0.0 test: `echo "Error: no test specified" && exit 1`
22 error Exit status 1
23 error Failed at the part1@1.0.0 test script 'echo "Error: no test specified" && exit 1'.
23 error Make sure you have the latest version of node.js and npm installed.
23 error If you do, this is most likely a problem with the part1 package,
23 error not with npm itself.
23 error Tell the author that this fails on your system:
23 error     echo "Error: no test specified" && exit 1
23 error You can get information on how to open an issue for this project with:
23 error     npm bugs part1
23 error Or if that isn't available, you can get their info via:
23 error     npm owner ls part1
23 error There is likely additional logging output above.
24 verbose exit [ 1, true ]
